{"/home/sh/fullStackOpen2020/working_out/notes/front/src/App.js": {"path":"/home/sh/fullStackOpen2020/working_out/notes/front/src/App.js","statementMap":{"0":{"start":{"line":13,"column":12},"end":{"line":165,"column":1}},"1":{"start":{"line":14,"column":28},"end":{"line":14,"column":40}},"2":{"start":{"line":15,"column":32},"end":{"line":15,"column":46}},"3":{"start":{"line":16,"column":42},"end":{"line":16,"column":56}},"4":{"start":{"line":17,"column":34},"end":{"line":17,"column":46}},"5":{"start":{"line":18,"column":34},"end":{"line":18,"column":46}},"6":{"start":{"line":19,"column":26},"end":{"line":19,"column":40}},"7":{"start":{"line":23,"column":22},"end":{"line":23,"column":30}},"8":{"start":{"line":26,"column":2},"end":{"line":32,"column":8}},"9":{"start":{"line":27,"column":4},"end":{"line":31,"column":8}},"10":{"start":{"line":30,"column":8},"end":{"line":30,"column":29}},"11":{"start":{"line":35,"column":2},"end":{"line":42,"column":8}},"12":{"start":{"line":36,"column":24},"end":{"line":36,"column":72}},"13":{"start":{"line":37,"column":4},"end":{"line":41,"column":5}},"14":{"start":{"line":38,"column":19},"end":{"line":38,"column":42}},"15":{"start":{"line":39,"column":6},"end":{"line":39,"column":19}},"16":{"start":{"line":40,"column":6},"end":{"line":40,"column":39}},"17":{"start":{"line":45,"column":18},"end":{"line":56,"column":3}},"18":{"start":{"line":47,"column":4},"end":{"line":47,"column":42}},"19":{"start":{"line":50,"column":4},"end":{"line":54,"column":8}},"20":{"start":{"line":53,"column":8},"end":{"line":53,"column":44}},"21":{"start":{"line":58,"column":27},"end":{"line":71,"column":3}},"22":{"start":{"line":59,"column":17},"end":{"line":59,"column":50}},"23":{"start":{"line":59,"column":36},"end":{"line":59,"column":49}},"24":{"start":{"line":60,"column":23},"end":{"line":60,"column":62}},"25":{"start":{"line":62,"column":4},"end":{"line":70,"column":8}},"26":{"start":{"line":65,"column":8},"end":{"line":65,"column":30}},"27":{"start":{"line":66,"column":8},"end":{"line":66,"column":73}},"28":{"start":{"line":66,"column":35},"end":{"line":66,"column":71}},"29":{"start":{"line":69,"column":8},"end":{"line":69,"column":41}},"30":{"start":{"line":73,"column":22},"end":{"line":75,"column":51}},"31":{"start":{"line":75,"column":27},"end":{"line":75,"column":50}},"32":{"start":{"line":78,"column":22},"end":{"line":99,"column":3}},"33":{"start":{"line":79,"column":4},"end":{"line":79,"column":26}},"34":{"start":{"line":80,"column":4},"end":{"line":98,"column":5}},"35":{"start":{"line":81,"column":19},"end":{"line":83,"column":8}},"36":{"start":{"line":85,"column":6},"end":{"line":87,"column":7}},"37":{"start":{"line":88,"column":6},"end":{"line":88,"column":39}},"38":{"start":{"line":89,"column":6},"end":{"line":89,"column":19}},"39":{"start":{"line":91,"column":6},"end":{"line":91,"column":21}},"40":{"start":{"line":92,"column":6},"end":{"line":92,"column":21}},"41":{"start":{"line":94,"column":6},"end":{"line":94,"column":42}},"42":{"start":{"line":95,"column":6},"end":{"line":97,"column":14}},"43":{"start":{"line":96,"column":8},"end":{"line":96,"column":29}},"44":{"start":{"line":102,"column":20},"end":{"line":116,"column":3}},"45":{"start":{"line":103,"column":4},"end":{"line":115,"column":5}},"46":{"start":{"line":108,"column":50},"end":{"line":108,"column":75}},"47":{"start":{"line":109,"column":50},"end":{"line":109,"column":75}},"48":{"start":{"line":118,"column":19},"end":{"line":125,"column":3}},"49":{"start":{"line":119,"column":4},"end":{"line":124,"column":5}},"50":{"start":{"line":127,"column":17},"end":{"line":130,"column":3}},"51":{"start":{"line":128,"column":4},"end":{"line":128,"column":55}},"52":{"start":{"line":129,"column":4},"end":{"line":129,"column":17}},"53":{"start":{"line":133,"column":2},"end":{"line":164,"column":3}},"54":{"start":{"line":151,"column":29},"end":{"line":151,"column":49}},"55":{"start":{"line":156,"column":10},"end":{"line":160,"column":12}},"56":{"start":{"line":159,"column":36},"end":{"line":159,"column":61}}},"fnMap":{"0":{"name":"(anonymous_0)","decl":{"start":{"line":13,"column":12},"end":{"line":13,"column":13}},"loc":{"start":{"line":13,"column":18},"end":{"line":165,"column":1}},"line":13},"1":{"name":"(anonymous_1)","decl":{"start":{"line":26,"column":12},"end":{"line":26,"column":13}},"loc":{"start":{"line":26,"column":18},"end":{"line":32,"column":3}},"line":26},"2":{"name":"(anonymous_2)","decl":{"start":{"line":29,"column":13},"end":{"line":29,"column":14}},"loc":{"start":{"line":29,"column":28},"end":{"line":31,"column":7}},"line":29},"3":{"name":"(anonymous_3)","decl":{"start":{"line":35,"column":12},"end":{"line":35,"column":13}},"loc":{"start":{"line":35,"column":18},"end":{"line":42,"column":3}},"line":35},"4":{"name":"(anonymous_4)","decl":{"start":{"line":45,"column":18},"end":{"line":45,"column":19}},"loc":{"start":{"line":45,"column":34},"end":{"line":56,"column":3}},"line":45},"5":{"name":"(anonymous_5)","decl":{"start":{"line":52,"column":12},"end":{"line":52,"column":13}},"loc":{"start":{"line":52,"column":28},"end":{"line":54,"column":7}},"line":52},"6":{"name":"(anonymous_6)","decl":{"start":{"line":58,"column":27},"end":{"line":58,"column":28}},"loc":{"start":{"line":58,"column":33},"end":{"line":71,"column":3}},"line":58},"7":{"name":"(anonymous_7)","decl":{"start":{"line":59,"column":28},"end":{"line":59,"column":29}},"loc":{"start":{"line":59,"column":36},"end":{"line":59,"column":49}},"line":59},"8":{"name":"(anonymous_8)","decl":{"start":{"line":64,"column":13},"end":{"line":64,"column":14}},"loc":{"start":{"line":64,"column":29},"end":{"line":67,"column":7}},"line":64},"9":{"name":"(anonymous_9)","decl":{"start":{"line":66,"column":27},"end":{"line":66,"column":28}},"loc":{"start":{"line":66,"column":35},"end":{"line":66,"column":71}},"line":66},"10":{"name":"(anonymous_10)","decl":{"start":{"line":68,"column":13},"end":{"line":68,"column":14}},"loc":{"start":{"line":68,"column":20},"end":{"line":70,"column":7}},"line":68},"11":{"name":"(anonymous_11)","decl":{"start":{"line":75,"column":19},"end":{"line":75,"column":20}},"loc":{"start":{"line":75,"column":27},"end":{"line":75,"column":50}},"line":75},"12":{"name":"(anonymous_12)","decl":{"start":{"line":78,"column":22},"end":{"line":78,"column":23}},"loc":{"start":{"line":78,"column":39},"end":{"line":99,"column":3}},"line":78},"13":{"name":"(anonymous_13)","decl":{"start":{"line":95,"column":17},"end":{"line":95,"column":18}},"loc":{"start":{"line":95,"column":23},"end":{"line":97,"column":7}},"line":95},"14":{"name":"(anonymous_14)","decl":{"start":{"line":102,"column":20},"end":{"line":102,"column":21}},"loc":{"start":{"line":102,"column":26},"end":{"line":116,"column":3}},"line":102},"15":{"name":"(anonymous_15)","decl":{"start":{"line":108,"column":34},"end":{"line":108,"column":35}},"loc":{"start":{"line":108,"column":50},"end":{"line":108,"column":75}},"line":108},"16":{"name":"(anonymous_16)","decl":{"start":{"line":109,"column":34},"end":{"line":109,"column":35}},"loc":{"start":{"line":109,"column":50},"end":{"line":109,"column":75}},"line":109},"17":{"name":"(anonymous_17)","decl":{"start":{"line":118,"column":19},"end":{"line":118,"column":20}},"loc":{"start":{"line":118,"column":25},"end":{"line":125,"column":3}},"line":118},"18":{"name":"(anonymous_18)","decl":{"start":{"line":127,"column":17},"end":{"line":127,"column":18}},"loc":{"start":{"line":127,"column":23},"end":{"line":130,"column":3}},"line":127},"19":{"name":"(anonymous_19)","decl":{"start":{"line":151,"column":23},"end":{"line":151,"column":24}},"loc":{"start":{"line":151,"column":29},"end":{"line":151,"column":49}},"line":151},"20":{"name":"(anonymous_20)","decl":{"start":{"line":155,"column":25},"end":{"line":155,"column":26}},"loc":{"start":{"line":156,"column":10},"end":{"line":160,"column":12}},"line":156},"21":{"name":"(anonymous_21)","decl":{"start":{"line":159,"column":30},"end":{"line":159,"column":31}},"loc":{"start":{"line":159,"column":36},"end":{"line":159,"column":61}},"line":159}},"branchMap":{"0":{"loc":{"start":{"line":37,"column":4},"end":{"line":41,"column":5}},"type":"if","locations":[{"start":{"line":37,"column":4},"end":{"line":41,"column":5}},{"start":{"line":37,"column":4},"end":{"line":41,"column":5}}],"line":37},"1":{"loc":{"start":{"line":66,"column":35},"end":{"line":66,"column":71}},"type":"cond-expr","locations":[{"start":{"line":66,"column":52},"end":{"line":66,"column":56}},{"start":{"line":66,"column":59},"end":{"line":66,"column":71}}],"line":66},"2":{"loc":{"start":{"line":73,"column":22},"end":{"line":75,"column":51}},"type":"cond-expr","locations":[{"start":{"line":74,"column":6},"end":{"line":74,"column":11}},{"start":{"line":75,"column":6},"end":{"line":75,"column":51}}],"line":73},"3":{"loc":{"start":{"line":140,"column":8},"end":{"line":148,"column":16}},"type":"cond-expr","locations":[{"start":{"line":141,"column":12},"end":{"line":141,"column":23}},{"start":{"line":142,"column":12},"end":{"line":148,"column":16}}],"line":140},"4":{"loc":{"start":{"line":152,"column":14},"end":{"line":152,"column":42}},"type":"cond-expr","locations":[{"start":{"line":152,"column":24},"end":{"line":152,"column":35}},{"start":{"line":152,"column":37},"end":{"line":152,"column":42}}],"line":152}},"s":{"0":0,"1":0,"2":0,"3":0,"4":0,"5":0,"6":0,"7":0,"8":0,"9":0,"10":0,"11":0,"12":0,"13":0,"14":0,"15":0,"16":0,"17":0,"18":0,"19":0,"20":0,"21":0,"22":0,"23":0,"24":0,"25":0,"26":0,"27":0,"28":0,"29":0,"30":0,"31":0,"32":0,"33":0,"34":0,"35":0,"36":0,"37":0,"38":0,"39":0,"40":0,"41":0,"42":0,"43":0,"44":0,"45":0,"46":0,"47":0,"48":0,"49":0,"50":0,"51":0,"52":0,"53":0,"54":0,"55":0,"56":0},"f":{"0":0,"1":0,"2":0,"3":0,"4":0,"5":0,"6":0,"7":0,"8":0,"9":0,"10":0,"11":0,"12":0,"13":0,"14":0,"15":0,"16":0,"17":0,"18":0,"19":0,"20":0,"21":0},"b":{"0":[0,0],"1":[0,0],"2":[0,0],"3":[0,0],"4":[0,0]}}
,"/home/sh/fullStackOpen2020/working_out/notes/front/src/index.js": {"path":"/home/sh/fullStackOpen2020/working_out/notes/front/src/index.js","statementMap":{"0":{"start":{"line":5,"column":0},"end":{"line":5,"column":57}}},"fnMap":{},"branchMap":{},"s":{"0":0},"f":{},"b":{}}
,"/home/sh/fullStackOpen2020/working_out/notes/front/src/components/Note.js": {"path":"/home/sh/fullStackOpen2020/working_out/notes/front/src/components/Note.js","statementMap":{"0":{"start":{"line":3,"column":13},"end":{"line":14,"column":1}},"1":{"start":{"line":4,"column":16},"end":{"line":6,"column":22}},"2":{"start":{"line":8,"column":2},"end":{"line":13,"column":3}}},"fnMap":{"0":{"name":"(anonymous_0)","decl":{"start":{"line":3,"column":13},"end":{"line":3,"column":14}},"loc":{"start":{"line":3,"column":45},"end":{"line":14,"column":1}},"line":3}},"branchMap":{"0":{"loc":{"start":{"line":4,"column":16},"end":{"line":6,"column":22}},"type":"cond-expr","locations":[{"start":{"line":5,"column":6},"end":{"line":5,"column":24}},{"start":{"line":6,"column":6},"end":{"line":6,"column":22}}],"line":4}},"s":{"0":1,"1":2,"2":2},"f":{"0":2},"b":{"0":[1,1]},"_coverageSchema":"1a1c01bbd47fc00a2c39e90264f33305004495a9","hash":"8474bbd75f9ed49d02e87042366e78802fde704b"}
,"/home/sh/fullStackOpen2020/working_out/notes/front/src/components/NoteForm.js": {"path":"/home/sh/fullStackOpen2020/working_out/notes/front/src/components/NoteForm.js","statementMap":{"0":{"start":{"line":3,"column":17},"end":{"line":33,"column":1}},"1":{"start":{"line":4,"column":32},"end":{"line":4,"column":57}},"2":{"start":{"line":6,"column":23},"end":{"line":8,"column":3}},"3":{"start":{"line":7,"column":4},"end":{"line":7,"column":30}},"4":{"start":{"line":10,"column":18},"end":{"line":18,"column":3}},"5":{"start":{"line":11,"column":4},"end":{"line":11,"column":22}},"6":{"start":{"line":12,"column":4},"end":{"line":16,"column":6}},"7":{"start":{"line":17,"column":4},"end":{"line":17,"column":18}},"8":{"start":{"line":20,"column":2},"end":{"line":32,"column":3}}},"fnMap":{"0":{"name":"(anonymous_0)","decl":{"start":{"line":3,"column":17},"end":{"line":3,"column":18}},"loc":{"start":{"line":3,"column":37},"end":{"line":33,"column":1}},"line":3},"1":{"name":"(anonymous_1)","decl":{"start":{"line":6,"column":23},"end":{"line":6,"column":24}},"loc":{"start":{"line":6,"column":30},"end":{"line":8,"column":3}},"line":6},"2":{"name":"(anonymous_2)","decl":{"start":{"line":10,"column":18},"end":{"line":10,"column":19}},"loc":{"start":{"line":10,"column":25},"end":{"line":18,"column":3}},"line":10}},"branchMap":{},"s":{"0":1,"1":3,"2":3,"3":1,"4":3,"5":1,"6":1,"7":1,"8":3},"f":{"0":3,"1":1,"2":1},"b":{},"_coverageSchema":"1a1c01bbd47fc00a2c39e90264f33305004495a9","hash":"cbda07c48b21ddc7e6916ef430ef2fea72847035"}
,"/home/sh/fullStackOpen2020/working_out/notes/front/src/components/Notify.js": {"path":"/home/sh/fullStackOpen2020/working_out/notes/front/src/components/Notify.js","statementMap":{"0":{"start":{"line":3,"column":15},"end":{"line":13,"column":1}},"1":{"start":{"line":4,"column":2},"end":{"line":6,"column":3}},"2":{"start":{"line":5,"column":4},"end":{"line":5,"column":15}},"3":{"start":{"line":8,"column":2},"end":{"line":12,"column":3}}},"fnMap":{"0":{"name":"(anonymous_0)","decl":{"start":{"line":3,"column":15},"end":{"line":3,"column":16}},"loc":{"start":{"line":3,"column":32},"end":{"line":13,"column":1}},"line":3}},"branchMap":{"0":{"loc":{"start":{"line":4,"column":2},"end":{"line":6,"column":3}},"type":"if","locations":[{"start":{"line":4,"column":2},"end":{"line":6,"column":3}},{"start":{"line":4,"column":2},"end":{"line":6,"column":3}}],"line":4}},"s":{"0":0,"1":0,"2":0,"3":0},"f":{"0":0},"b":{"0":[0,0]}}
,"/home/sh/fullStackOpen2020/working_out/notes/front/src/components/Togglable.js": {"path":"/home/sh/fullStackOpen2020/working_out/notes/front/src/components/Togglable.js","statementMap":{"0":{"start":{"line":4,"column":18},"end":{"line":31,"column":2}},"1":{"start":{"line":5,"column":31},"end":{"line":5,"column":46}},"2":{"start":{"line":7,"column":26},"end":{"line":7,"column":60}},"3":{"start":{"line":8,"column":26},"end":{"line":8,"column":60}},"4":{"start":{"line":10,"column":27},"end":{"line":12,"column":3}},"5":{"start":{"line":11,"column":4},"end":{"line":11,"column":24}},"6":{"start":{"line":14,"column":2},"end":{"line":18,"column":4}},"7":{"start":{"line":15,"column":4},"end":{"line":17,"column":5}},"8":{"start":{"line":20,"column":2},"end":{"line":30,"column":3}},"9":{"start":{"line":33,"column":0},"end":{"line":33,"column":35}},"10":{"start":{"line":35,"column":0},"end":{"line":37,"column":1}}},"fnMap":{"0":{"name":"(anonymous_0)","decl":{"start":{"line":4,"column":35},"end":{"line":4,"column":36}},"loc":{"start":{"line":4,"column":51},"end":{"line":31,"column":1}},"line":4},"1":{"name":"(anonymous_1)","decl":{"start":{"line":10,"column":27},"end":{"line":10,"column":28}},"loc":{"start":{"line":10,"column":33},"end":{"line":12,"column":3}},"line":10},"2":{"name":"(anonymous_2)","decl":{"start":{"line":14,"column":27},"end":{"line":14,"column":28}},"loc":{"start":{"line":14,"column":33},"end":{"line":18,"column":3}},"line":14}},"branchMap":{"0":{"loc":{"start":{"line":7,"column":37},"end":{"line":7,"column":58}},"type":"cond-expr","locations":[{"start":{"line":7,"column":47},"end":{"line":7,"column":53}},{"start":{"line":7,"column":56},"end":{"line":7,"column":58}}],"line":7},"1":{"loc":{"start":{"line":8,"column":37},"end":{"line":8,"column":58}},"type":"cond-expr","locations":[{"start":{"line":8,"column":47},"end":{"line":8,"column":49}},{"start":{"line":8,"column":52},"end":{"line":8,"column":58}}],"line":8}},"s":{"0":1,"1":7,"2":7,"3":7,"4":7,"5":3,"6":7,"7":0,"8":7,"9":1,"10":1},"f":{"0":7,"1":3,"2":0},"b":{"0":[2,5],"1":[2,5]},"_coverageSchema":"1a1c01bbd47fc00a2c39e90264f33305004495a9","hash":"5aa464c22a305d40eb65ca6968c2238f2c2da747"}
,"/home/sh/fullStackOpen2020/working_out/notes/front/src/components/login.js": {"path":"/home/sh/fullStackOpen2020/working_out/notes/front/src/components/login.js","statementMap":{"0":{"start":{"line":4,"column":18},"end":{"line":36,"column":1}},"1":{"start":{"line":13,"column":2},"end":{"line":35,"column":3}},"2":{"start":{"line":38,"column":0},"end":{"line":44,"column":1}}},"fnMap":{"0":{"name":"(anonymous_0)","decl":{"start":{"line":4,"column":18},"end":{"line":4,"column":19}},"loc":{"start":{"line":12,"column":5},"end":{"line":36,"column":1}},"line":12}},"branchMap":{},"s":{"0":0,"1":0,"2":0},"f":{"0":0},"b":{}}
,"/home/sh/fullStackOpen2020/working_out/notes/front/src/services/login.js": {"path":"/home/sh/fullStackOpen2020/working_out/notes/front/src/services/login.js","statementMap":{"0":{"start":{"line":2,"column":16},"end":{"line":2,"column":28}},"1":{"start":{"line":4,"column":14},"end":{"line":7,"column":1}},"2":{"start":{"line":5,"column":19},"end":{"line":5,"column":57}},"3":{"start":{"line":6,"column":2},"end":{"line":6,"column":22}}},"fnMap":{"0":{"name":"(anonymous_0)","decl":{"start":{"line":4,"column":14},"end":{"line":4,"column":15}},"loc":{"start":{"line":4,"column":35},"end":{"line":7,"column":1}},"line":4}},"branchMap":{},"s":{"0":0,"1":0,"2":0,"3":0},"f":{"0":0},"b":{}}
,"/home/sh/fullStackOpen2020/working_out/notes/front/src/services/notes.js": {"path":"/home/sh/fullStackOpen2020/working_out/notes/front/src/services/notes.js","statementMap":{"0":{"start":{"line":2,"column":16},"end":{"line":2,"column":28}},"1":{"start":{"line":4,"column":12},"end":{"line":4,"column":16}},"2":{"start":{"line":6,"column":17},"end":{"line":8,"column":1}},"3":{"start":{"line":7,"column":2},"end":{"line":7,"column":30}},"4":{"start":{"line":10,"column":15},"end":{"line":13,"column":1}},"5":{"start":{"line":11,"column":19},"end":{"line":11,"column":37}},"6":{"start":{"line":12,"column":2},"end":{"line":12,"column":48}},"7":{"start":{"line":12,"column":34},"end":{"line":12,"column":47}},"8":{"start":{"line":15,"column":15},"end":{"line":22,"column":1}},"9":{"start":{"line":16,"column":17},"end":{"line":18,"column":3}},"10":{"start":{"line":20,"column":18},"end":{"line":20,"column":56}},"11":{"start":{"line":21,"column":2},"end":{"line":21,"column":48}},"12":{"start":{"line":21,"column":34},"end":{"line":21,"column":47}},"13":{"start":{"line":24,"column":15},"end":{"line":27,"column":1}},"14":{"start":{"line":25,"column":19},"end":{"line":25,"column":59}},"15":{"start":{"line":26,"column":2},"end":{"line":26,"column":48}},"16":{"start":{"line":26,"column":34},"end":{"line":26,"column":47}}},"fnMap":{"0":{"name":"(anonymous_0)","decl":{"start":{"line":6,"column":17},"end":{"line":6,"column":18}},"loc":{"start":{"line":6,"column":29},"end":{"line":8,"column":1}},"line":6},"1":{"name":"(anonymous_1)","decl":{"start":{"line":10,"column":15},"end":{"line":10,"column":16}},"loc":{"start":{"line":10,"column":21},"end":{"line":13,"column":1}},"line":10},"2":{"name":"(anonymous_2)","decl":{"start":{"line":12,"column":22},"end":{"line":12,"column":23}},"loc":{"start":{"line":12,"column":34},"end":{"line":12,"column":47}},"line":12},"3":{"name":"(anonymous_3)","decl":{"start":{"line":15,"column":15},"end":{"line":15,"column":16}},"loc":{"start":{"line":15,"column":28},"end":{"line":22,"column":1}},"line":15},"4":{"name":"(anonymous_4)","decl":{"start":{"line":21,"column":22},"end":{"line":21,"column":23}},"loc":{"start":{"line":21,"column":34},"end":{"line":21,"column":47}},"line":21},"5":{"name":"(anonymous_5)","decl":{"start":{"line":24,"column":15},"end":{"line":24,"column":16}},"loc":{"start":{"line":24,"column":34},"end":{"line":27,"column":1}},"line":24},"6":{"name":"(anonymous_6)","decl":{"start":{"line":26,"column":22},"end":{"line":26,"column":23}},"loc":{"start":{"line":26,"column":34},"end":{"line":26,"column":47}},"line":26}},"branchMap":{},"s":{"0":0,"1":0,"2":0,"3":0,"4":0,"5":0,"6":0,"7":0,"8":0,"9":0,"10":0,"11":0,"12":0,"13":0,"14":0,"15":0,"16":0},"f":{"0":0,"1":0,"2":0,"3":0,"4":0,"5":0,"6":0},"b":{}}
}
