TN:
SF:src/App.js
FN:13,(anonymous_0)
FN:26,(anonymous_1)
FN:29,(anonymous_2)
FN:35,(anonymous_3)
FN:45,(anonymous_4)
FN:52,(anonymous_5)
FN:58,(anonymous_6)
FN:59,(anonymous_7)
FN:64,(anonymous_8)
FN:66,(anonymous_9)
FN:68,(anonymous_10)
FN:75,(anonymous_11)
FN:78,(anonymous_12)
FN:95,(anonymous_13)
FN:102,(anonymous_14)
FN:108,(anonymous_15)
FN:109,(anonymous_16)
FN:118,(anonymous_17)
FN:127,(anonymous_18)
FN:151,(anonymous_19)
FN:155,(anonymous_20)
FN:159,(anonymous_21)
FNF:22
FNH:0
FNDA:0,(anonymous_0)
FNDA:0,(anonymous_1)
FNDA:0,(anonymous_2)
FNDA:0,(anonymous_3)
FNDA:0,(anonymous_4)
FNDA:0,(anonymous_5)
FNDA:0,(anonymous_6)
FNDA:0,(anonymous_7)
FNDA:0,(anonymous_8)
FNDA:0,(anonymous_9)
FNDA:0,(anonymous_10)
FNDA:0,(anonymous_11)
FNDA:0,(anonymous_12)
FNDA:0,(anonymous_13)
FNDA:0,(anonymous_14)
FNDA:0,(anonymous_15)
FNDA:0,(anonymous_16)
FNDA:0,(anonymous_17)
FNDA:0,(anonymous_18)
FNDA:0,(anonymous_19)
FNDA:0,(anonymous_20)
FNDA:0,(anonymous_21)
DA:13,0
DA:14,0
DA:15,0
DA:16,0
DA:17,0
DA:18,0
DA:19,0
DA:23,0
DA:26,0
DA:27,0
DA:30,0
DA:35,0
DA:36,0
DA:37,0
DA:38,0
DA:39,0
DA:40,0
DA:45,0
DA:47,0
DA:50,0
DA:53,0
DA:58,0
DA:59,0
DA:60,0
DA:62,0
DA:65,0
DA:66,0
DA:69,0
DA:73,0
DA:75,0
DA:78,0
DA:79,0
DA:80,0
DA:81,0
DA:85,0
DA:88,0
DA:89,0
DA:91,0
DA:92,0
DA:94,0
DA:95,0
DA:96,0
DA:102,0
DA:103,0
DA:108,0
DA:109,0
DA:118,0
DA:119,0
DA:127,0
DA:128,0
DA:129,0
DA:133,0
DA:151,0
DA:156,0
DA:159,0
LF:55
LH:0
BRDA:37,0,0,0
BRDA:37,0,1,0
BRDA:66,1,0,0
BRDA:66,1,1,0
BRDA:73,2,0,0
BRDA:73,2,1,0
BRDA:140,3,0,0
BRDA:140,3,1,0
BRDA:152,4,0,0
BRDA:152,4,1,0
BRF:10
BRH:0
end_of_record
TN:
SF:src/index.js
FNF:0
FNH:0
DA:5,0
LF:1
LH:0
BRF:0
BRH:0
end_of_record
TN:
SF:src/components/Note.js
FN:3,(anonymous_0)
FNF:1
FNH:1
FNDA:2,(anonymous_0)
DA:3,1
DA:4,2
DA:8,2
LF:3
LH:3
BRDA:4,0,0,1
BRDA:4,0,1,1
BRF:2
BRH:2
end_of_record
TN:
SF:src/components/NoteForm.js
FN:3,(anonymous_0)
FN:6,(anonymous_1)
FN:10,(anonymous_2)
FNF:3
FNH:3
FNDA:3,(anonymous_0)
FNDA:1,(anonymous_1)
FNDA:1,(anonymous_2)
DA:3,1
DA:4,3
DA:6,3
DA:7,1
DA:10,3
DA:11,1
DA:12,1
DA:17,1
DA:20,3
LF:9
LH:9
BRF:0
BRH:0
end_of_record
TN:
SF:src/components/Notify.js
FN:3,(anonymous_0)
FNF:1
FNH:0
FNDA:0,(anonymous_0)
DA:3,0
DA:4,0
DA:5,0
DA:8,0
LF:4
LH:0
BRDA:4,0,0,0
BRDA:4,0,1,0
BRF:2
BRH:0
end_of_record
TN:
SF:src/components/Togglable.js
FN:4,(anonymous_0)
FN:10,(anonymous_1)
FN:14,(anonymous_2)
FNF:3
FNH:2
FNDA:7,(anonymous_0)
FNDA:3,(anonymous_1)
FNDA:0,(anonymous_2)
DA:4,1
DA:5,7
DA:7,7
DA:8,7
DA:10,7
DA:11,3
DA:14,7
DA:15,0
DA:20,7
DA:33,1
DA:35,1
LF:11
LH:10
BRDA:7,0,0,2
BRDA:7,0,1,5
BRDA:8,1,0,2
BRDA:8,1,1,5
BRF:4
BRH:4
end_of_record
TN:
SF:src/components/login.js
FN:4,(anonymous_0)
FNF:1
FNH:0
FNDA:0,(anonymous_0)
DA:4,0
DA:13,0
DA:38,0
LF:3
LH:0
BRF:0
BRH:0
end_of_record
TN:
SF:src/services/login.js
FN:4,(anonymous_0)
FNF:1
FNH:0
FNDA:0,(anonymous_0)
DA:2,0
DA:4,0
DA:5,0
DA:6,0
LF:4
LH:0
BRF:0
BRH:0
end_of_record
TN:
SF:src/services/notes.js
FN:6,(anonymous_0)
FN:10,(anonymous_1)
FN:12,(anonymous_2)
FN:15,(anonymous_3)
FN:21,(anonymous_4)
FN:24,(anonymous_5)
FN:26,(anonymous_6)
FNF:7
FNH:0
FNDA:0,(anonymous_0)
FNDA:0,(anonymous_1)
FNDA:0,(anonymous_2)
FNDA:0,(anonymous_3)
FNDA:0,(anonymous_4)
FNDA:0,(anonymous_5)
FNDA:0,(anonymous_6)
DA:2,0
DA:4,0
DA:6,0
DA:7,0
DA:10,0
DA:11,0
DA:12,0
DA:15,0
DA:16,0
DA:20,0
DA:21,0
DA:24,0
DA:25,0
DA:26,0
LF:14
LH:0
BRF:0
BRH:0
end_of_record
